<?xml version="1.0" encoding="UTF-8"?>
<!-- Generated by org.testng.reporters.JUnitXMLReporter -->
<testsuite ignored="0" hostname="HOME" failures="0" tests="4" name="Default test" time="10.617" errors="0" timestamp="2024-01-01T13:31:01 IST">
  <testcase classname="api.tests.UserTest" name="addUserTest" time="4.992"/>
  <testcase classname="api.tests.UserTest" name="getUserTest" time="1.649"/>
  <testcase classname="api.tests.UserTest" name="updateUserTest" time="1.589"/>
  <testcase classname="api.tests.UserTest" name="deleteUserTest" time="1.429"/>
</testsuite> <!-- Default test -->
