<?xml version="1.0" encoding="UTF-8"?>
<!-- Generated by org.testng.reporters.JUnitXMLReporter -->
<testsuite ignored="0" hostname="HOME" failures="0" tests="4" name="Test" time="15.806" errors="0" timestamp="2023-12-31T19:34:13 IST">
  <testcase classname="api.tests.UserTest" name="addUserTest" time="8.254"/>
  <testcase classname="api.tests.UserTest" name="getUserTest" time="1.594"/>
  <testcase classname="api.tests.UserTest" name="updateUserTest" time="1.467"/>
  <testcase classname="api.tests.UserTest" name="deleteUserTest" time="1.377"/>
</testsuite> <!-- Test -->
