<?xml version="1.0" encoding="UTF-8"?>
<!-- Generated by org.testng.reporters.JUnitXMLReporter -->
<testsuite ignored="0" hostname="HOME" failures="0" tests="4" name="Test" time="13.034" errors="0" timestamp="2024-01-01T13:45:54 IST">
  <testcase classname="api.tests.UserTest" name="addUserTest" time="5.599"/>
  <testcase classname="api.tests.UserTest" name="getUserTest" time="1.675"/>
  <testcase classname="api.tests.UserTest" name="updateUserTest" time="1.692"/>
  <testcase classname="api.tests.UserTest" name="deleteUserTest" time="1.683"/>
</testsuite> <!-- Test -->
